$ next build
   Î“Ă»â–“ Next.js 15.5.7
   - Environments: .env.local

   Creating an optimized production build ...
 Î“ÂŁĂ´ Compiled successfully in 20.4s
   Skipping validation of types
   Skipping linting
   Collecting page data ...
   Generating static pages (0/29) ...
   Generating static pages (7/29) 
   Generating static pages (14/29) 
   Generating static pages (21/29) 
 Î“ÂŁĂ´ Generating static pages (29/29)
   Finalizing page optimization ...
   Collecting build traces ...

Route (app)                                 Size  First Load JS
Î“Ă¶Ă® Î“ĂąĂŻ /                                    6.52 kB         178 kB
Î“Ă¶ÂŁ Î“ĂąĂŻ /_not-found                            996 B         103 kB
Î“Ă¶ÂŁ Î“ĂąĂŻ /admin                                  5 kB         172 kB
Î“Ă¶ÂŁ Î“ĂąĂŻ /admin/access-logs                   4.47 kB         176 kB
Î“Ă¶ÂŁ Î“ĂąĂŻ /admin/applications                  3.67 kB         190 kB
Î“Ă¶ÂŁ Î“ĂąĂŻ /admin/bylaws                        7.54 kB         209 kB
Î“Ă¶ÂŁ Î“ĂąĂŻ /admin/calculate-interest            5.41 kB         177 kB
Î“Ă¶ÂŁ Î“ĂąĂŻ /admin/financial-updates             5.58 kB         207 kB
Î“Ă¶ÂŁ Î“ĂąĂŻ /admin/loans                         5.02 kB         188 kB
Î“Ă¶ÂŁ Î“ĂąĂŻ /admin/members                       6.36 kB         193 kB
Î“Ă¶ÂŁ Î“ĂąĂŻ /admin/process-payment               5.89 kB         207 kB
Î“Ă¶ÂŁ Î“ĂąĂŻ /admin/settings                      6.83 kB         118 kB
Î“Ă¶ÂŁ Î“ĂąĂŻ /apply                               8.65 kB         210 kB
Î“Ă¶ÂŁ Î“ĂąĂŻ /member                              6.73 kB         182 kB
Î“Ă¶ÂŁ Î“ĂąĂŻ /member/apply-loan                   7.39 kB         206 kB
Î“Ă¶ÂŁ Î“ĂąĂŻ /member/bylaws                       6.82 kB         190 kB
Î“Ă¶ÂŁ Î“ĂąĂŻ /member/profile                      7.46 kB         179 kB
Î“Ă¶ÂŁ Î“ĂąĂŻ /member/transactions                 7.05 kB         205 kB
Î“Ă¶ÂŁ Î“ĂąĂŻ /seed-bylaws                         4.28 kB         176 kB
Î“Ă¶ÂŁ Î“ĂąĂŻ /super-admin                         5.86 kB         181 kB
Î“Ă¶ÂŁ Î“ĂąĂŻ /super-admin/access-logs             2.17 kB         174 kB
Î“Ă¶ÂŁ Î“ĂąĂŻ /super-admin/database-setup          4.82 kB         166 kB
Î“Ă¶ÂŁ Î“ĂąĂŻ /super-admin/members                 7.23 kB         179 kB
Î“Ă¶ÂŁ Î“ĂąĂŻ /super-admin/societies               1.74 kB         173 kB
Î“Ă¶ÂŁ Î“ĂąĂŻ /super-admin/users                   2.97 kB         175 kB
Î“Ă¶ÂŁ Î“ĂąĂŻ /test-connection                     6.54 kB         182 kB
Î“Ă¶Ă¶ Î“ĂąĂŻ /test-flow                           3.82 kB         179 kB
+ First Load JS shared by all             102 kB
  Î“Ă¶ÂŁ chunks/1255-404bb8de49c90395.js      45.8 kB
  Î“Ă¶ÂŁ chunks/4bd1b696-f785427dddbba9fb.js  54.2 kB
  Î“Ă¶Ă¶ other shared chunks (total)             2 kB


Î“ĂąĂŻ  (Static)  prerendered as static content

