
> nextjs-shadcn@0.1.0 build
> next build

   Î“Ă»â–“ Next.js 15.5.7
   - Environments: .env.local

   Creating an optimized production build ...
 Î“ÂŁĂ´ Compiled successfully in 18.6s
   Skipping validation of types
   Skipping linting
   Collecting page data ...
   Generating static pages (0/33) ...
   Generating static pages (8/33) 
   Generating static pages (16/33) 
   Generating static pages (24/33) 
 Î“ÂŁĂ´ Generating static pages (33/33)
   Finalizing page optimization ...
   Collecting build traces ...

Route (app)                                 Size  First Load JS
Î“Ă¶Ă® Î“ĂąĂŻ /                                    6.23 kB         184 kB
Î“Ă¶ÂŁ Î“ĂąĂŻ /_not-found                            994 B         103 kB
Î“Ă¶ÂŁ Î“ĂąĂŻ /admin                                6.3 kB         179 kB
Î“Ă¶ÂŁ Î“ĂąĂŻ /admin/access-logs                   5.63 kB         183 kB
Î“Ă¶ÂŁ Î“ĂąĂŻ /admin/applications                  6.29 kB         199 kB
Î“Ă¶ÂŁ Î“ĂąĂŻ /admin/bylaws                        7.33 kB         215 kB
Î“Ă¶ÂŁ Î“ĂąĂŻ /admin/calculate-interest            6.64 kB         184 kB
Î“Ă¶ÂŁ Î“ĂąĂŻ /admin/change-password               6.61 kB         184 kB
Î“Ă¶ÂŁ Î“ĂąĂŻ /admin/financial-updates             8.45 kB         216 kB
Î“Ă¶ÂŁ Î“ĂąĂŻ /admin/loans                         9.47 kB         199 kB
Î“Ă¶ÂŁ Î“ĂąĂŻ /admin/members                       7.63 kB         201 kB
Î“Ă¶ÂŁ Î“ĂąĂŻ /admin/process-payment               5.67 kB         213 kB
Î“Ă¶ÂŁ Î“ĂąĂŻ /admin/settings                      11.1 kB         219 kB
Î“Ă¶ÂŁ Î“ĂąĂŻ /admin/transactions                  4.99 kB         214 kB
Î“Ă¶ÂŁ Î“ĂąĂŻ /apply                               8.89 kB         216 kB
Î“Ă¶ÂŁ Î“ĂąĂŻ /member                              8.77 kB         190 kB
Î“Ă¶ÂŁ Î“ĂąĂŻ /member/apply-loan                    7.8 kB         212 kB
Î“Ă¶ÂŁ Î“ĂąĂŻ /member/bylaws                       6.66 kB         196 kB
Î“Ă¶ÂŁ Î“ĂąĂŻ /member/levies                       6.47 kB         187 kB
Î“Ă¶ÂŁ Î“ĂąĂŻ /member/profile                      9.43 kB         187 kB
Î“Ă¶ÂŁ Î“ĂąĂŻ /member/transactions                 3.44 kB         212 kB
Î“Ă¶ÂŁ Î“ĂąĂŻ /seed-bylaws                         4.29 kB         182 kB
Î“Ă¶ÂŁ Î“ĂąĂŻ /seed-users                          4.57 kB         182 kB
Î“Ă¶ÂŁ Î“ĂąĂŻ /super-admin                         6.04 kB         187 kB
Î“Ă¶ÂŁ Î“ĂąĂŻ /super-admin/access-logs             2.17 kB         180 kB
Î“Ă¶ÂŁ Î“ĂąĂŻ /super-admin/database-setup          5.62 kB         167 kB
Î“Ă¶ÂŁ Î“ĂąĂŻ /super-admin/members                 7.23 kB         185 kB
Î“Ă¶ÂŁ Î“ĂąĂŻ /super-admin/societies               6.35 kB         196 kB
Î“Ă¶ÂŁ Î“ĂąĂŻ /super-admin/users                   2.98 kB         180 kB
Î“Ă¶ÂŁ Î“ĂąĂŻ /test-connection                     6.54 kB         187 kB
Î“Ă¶Ă¶ Î“ĂąĂŻ /test-flow                           3.79 kB         185 kB
+ First Load JS shared by all             102 kB
  Î“Ă¶ÂŁ chunks/1255-404bb8de49c90395.js      45.8 kB
  Î“Ă¶ÂŁ chunks/4bd1b696-f785427dddbba9fb.js  54.2 kB
  Î“Ă¶Ă¶ other shared chunks (total)          2.01 kB


Î“ĂąĂŻ  (Static)  prerendered as static content

